<?xml version="1.0" encoding="UTF-8"?>
<Site BuildName="(empty)"
	BuildStamp="20240809-1156-Experimental"
	Name="samuel"
	Generator="ctest-3.22.1"
	CompilerName="/usr/bin/c++"
	CompilerVersion="11.4.0"
	OSName="Linux"
	Hostname="samuel"
	OSRelease="6.5.0-45-generic"
	OSVersion="#45~22.04.1-Ubuntu SMP PREEMPT_DYNAMIC Mon Jul 15 16:40:02 UTC 2"
	OSPlatform="x86_64"
	Is64Bits="1"
	VendorString="AuthenticAMD"
	VendorID="Advanced Micro Devices"
	FamilyID="23"
	ModelID="113"
	ProcessorCacheSize="512"
	NumberOfLogicalCPU="12"
	NumberOfPhysicalCPU="6"
	TotalVirtualMemory="2047"
	TotalPhysicalMemory="15924"
	LogicalProcessorsPerPhysical="2"
	ProcessorClockFrequency="4145.52"
	>
	<Testing>
		<StartDateTime>Aug 09 14:01 CEST</StartDateTime>
		<StartTestTime>1723204879</StartTestTime>
		<TestList/>
		<EndDateTime>Aug 09 14:01 CEST</EndDateTime>
		<EndTestTime>1723204879</EndTestTime>
		<ElapsedMinutes>0</ElapsedMinutes>
	</Testing>
</Site>
